[debug] [2025-07-15T22:57:07.518Z] ----------------------------------------------------------------------
[debug] [2025-07-15T22:57:07.523Z] Command:       /usr/local/bin/node /usr/local/bin/firebase functions:shell
[debug] [2025-07-15T22:57:07.523Z] CLI Version:   14.9.0
[debug] [2025-07-15T22:57:07.524Z] Platform:      darwin
[debug] [2025-07-15T22:57:07.524Z] Node Version:  v22.17.0
[debug] [2025-07-15T22:57:07.525Z] Time:          Wed Jul 16 2025 00:57:07 GMT+0200 (Central European Summer Time)
[debug] [2025-07-15T22:57:07.525Z] ----------------------------------------------------------------------
[debug] 
[debug] [2025-07-15T22:57:07.836Z] > command requires scopes: ["email","openid","https://www.googleapis.com/auth/cloudplatformprojects.readonly","https://www.googleapis.com/auth/firebase","https://www.googleapis.com/auth/cloud-platform"]
[debug] [2025-07-15T22:57:07.837Z] > authorizing via signed-in user (mdzhasancz@gmail.com)
[debug] [2025-07-15T22:57:07.837Z] [iam] checking project scoreboard-app-29148 for permissions ["firebase.projects.get"]
[debug] [2025-07-15T22:57:07.839Z] Checked if tokens are valid: false, expires at: 1752620700575
[debug] [2025-07-15T22:57:07.839Z] Checked if tokens are valid: false, expires at: 1752620700575
[debug] [2025-07-15T22:57:07.839Z] > refreshing access token with scopes: []
[debug] [2025-07-15T22:57:07.841Z] >>> [apiv2][query] POST https://www.googleapis.com/oauth2/v3/token [none]
[debug] [2025-07-15T22:57:07.841Z] >>> [apiv2][body] POST https://www.googleapis.com/oauth2/v3/token [omitted]
[debug] [2025-07-15T22:57:08.047Z] <<< [apiv2][status] POST https://www.googleapis.com/oauth2/v3/token 200
[debug] [2025-07-15T22:57:08.048Z] <<< [apiv2][body] POST https://www.googleapis.com/oauth2/v3/token [omitted]
[debug] [2025-07-15T22:57:08.066Z] >>> [apiv2][query] POST https://cloudresourcemanager.googleapis.com/v1/projects/scoreboard-app-29148:testIamPermissions [none]
[debug] [2025-07-15T22:57:08.066Z] >>> [apiv2][(partial)header] POST https://cloudresourcemanager.googleapis.com/v1/projects/scoreboard-app-29148:testIamPermissions x-goog-quota-user=projects/scoreboard-app-29148
[debug] [2025-07-15T22:57:08.066Z] >>> [apiv2][body] POST https://cloudresourcemanager.googleapis.com/v1/projects/scoreboard-app-29148:testIamPermissions {"permissions":["firebase.projects.get"]}
[debug] [2025-07-15T22:57:08.835Z] <<< [apiv2][status] POST https://cloudresourcemanager.googleapis.com/v1/projects/scoreboard-app-29148:testIamPermissions 200
[debug] [2025-07-15T22:57:08.835Z] <<< [apiv2][body] POST https://cloudresourcemanager.googleapis.com/v1/projects/scoreboard-app-29148:testIamPermissions {"permissions":["firebase.projects.get"]}
[debug] [2025-07-15T22:57:09.013Z] [functions] Functions Emulator only supports listening on one address (127.0.0.1). Not listening on ::1
[debug] [2025-07-15T22:57:09.048Z] defaultcredentials: writing to file /Users/hasanmd1/.config/firebase/mdzhasancz_gmail_com_application_default_credentials.json
[debug] [2025-07-15T22:57:09.051Z] DEBUG: Setting GAC to /Users/hasanmd1/.config/firebase/mdzhasancz_gmail_com_application_default_credentials.json
[debug] [2025-07-15T22:57:09.051Z] Checked if tokens are valid: true, expires at: 1752623827048
[debug] [2025-07-15T22:57:09.051Z] Checked if tokens are valid: true, expires at: 1752623827048
[debug] [2025-07-15T22:57:09.052Z] >>> [apiv2][query] GET https://firebase.googleapis.com/v1beta1/projects/scoreboard-app-29148/adminSdkConfig [none]
[debug] [2025-07-15T22:57:09.553Z] <<< [apiv2][status] GET https://firebase.googleapis.com/v1beta1/projects/scoreboard-app-29148/adminSdkConfig 200
[debug] [2025-07-15T22:57:09.553Z] <<< [apiv2][body] GET https://firebase.googleapis.com/v1beta1/projects/scoreboard-app-29148/adminSdkConfig {"projectId":"scoreboard-app-29148","storageBucket":"scoreboard-app-29148.firebasestorage.app"}
[debug] [2025-07-15T22:57:09.572Z] [functions] Watching "/Users/hasanmd1/Desktop/work/courtchamps-website/functions" for Cloud Functions...
[debug] [2025-07-15T22:57:09.576Z] Validating nodejs source
[debug] [2025-07-15T22:57:10.778Z] > [functions] package.json contents: {
  "name": "functions",
  "description": "Cloud Functions for Firebase",
  "scripts": {
    "serve": "firebase emulators:start --only functions",
    "shell": "firebase functions:shell",
    "start": "npm run shell",
    "deploy": "firebase deploy --only functions",
    "logs": "firebase functions:log"
  },
  "engines": {
    "node": "22"
  },
  "main": "index.js",
  "dependencies": {
    "crypto": "^1.0.1",
    "firebase-admin": "^12.7.0",
    "firebase-functions": "^6.4.0"
  },
  "devDependencies": {
    "firebase-functions-test": "^3.1.0"
  },
  "private": true
}
[debug] [2025-07-15T22:57:10.778Z] Building nodejs source
[debug] [2025-07-15T22:57:10.779Z] Failed to find version of module node: reached end of search path /Users/hasanmd1/Desktop/work/courtchamps-website/functions/node_modules
[info] ✔  functions: Using node@22 from host. 
[debug] [2025-07-15T22:57:10.782Z] Could not find functions.yaml. Must use http discovery
[debug] [2025-07-15T22:57:10.791Z] Found firebase-functions binary at '/Users/hasanmd1/Desktop/work/courtchamps-website/functions/node_modules/.bin/firebase-functions'
[info] Serving at port 8718

[debug] [2025-07-15T22:57:11.965Z] Got response from /__/functions.yaml {"endpoints":{"storeDeletionToken":{"availableMemoryMb":null,"timeoutSeconds":null,"minInstances":null,"maxInstances":null,"ingressSettings":null,"concurrency":null,"serviceAccountEmail":null,"vpc":null,"platform":"gcfv2","labels":{},"httpsTrigger":{},"entryPoint":"storeDeletionToken"},"confirmAccountDeletion":{"availableMemoryMb":null,"timeoutSeconds":null,"minInstances":null,"maxInstances":null,"ingressSettings":null,"concurrency":null,"serviceAccountEmail":null,"vpc":null,"platform":"gcfv2","labels":{},"httpsTrigger":{},"entryPoint":"confirmAccountDeletion"},"confirmAccountDeletionWithUserId":{"availableMemoryMb":null,"timeoutSeconds":null,"minInstances":null,"maxInstances":null,"ingressSettings":null,"concurrency":null,"serviceAccountEmail":null,"vpc":null,"platform":"gcfv2","labels":{},"httpsTrigger":{},"entryPoint":"confirmAccountDeletionWithUserId"}},"specVersion":"v1alpha1","requiredAPIs":[],"extensions":{}}
[debug] [2025-07-15T22:57:16.021Z] [functions] Loaded functions definitions from source: storeDeletionToken, confirmAccountDeletion, confirmAccountDeletionWithUserId.
[debug] [2025-07-15T22:57:16.023Z] [functions[us-central1-storeDeletionToken]] http function initialized (http://127.0.0.1:5000/scoreboard-app-29148/us-central1/storeDeletionToken).
[debug] [2025-07-15T22:57:16.023Z] [functions[us-central1-confirmAccountDeletion]] http function initialized (http://127.0.0.1:5000/scoreboard-app-29148/us-central1/confirmAccountDeletion).
[debug] [2025-07-15T22:57:16.023Z] [functions[us-central1-confirmAccountDeletionWithUserId]] http function initialized (http://127.0.0.1:5000/scoreboard-app-29148/us-central1/confirmAccountDeletionWithUserId).
[info] i  functions: Loaded functions: storeDeletionToken, confirmAccountDeletion, confirmAccountDeletionWithUserId 
[warn] ⚠  functions: The following emulators are not running, calls to these services will affect production: firestore, database, pubsub, storage, eventarc, tasks 
